tp2q3
501
13580615
2018-10-23 15:07:51
initializing a[100] = { ... }
bs_insert_sort_cmp(a,...) made 527 comparisons
 [0] -2146105650 -2083422306 -2021734920 -2020983136 -2017982872 -1683405758
 [6] -1671507670 -1648130106 -1570648484 -1427830088 -1350963310 -1300931372
[12] -1267442030 -1106842206 -1044296180 -1043733290  -995025426  -826362876
[18]  -539914504  -517392564  -388005684  -289385280   -35055622     5504850
[24]   115320248   196753544   228817146   331305598   338932556   341794790
[30]   511593492   737897946   745503196   812968132   894799874   941942796
[36]   997802830  1022497112  1030924004  1057191740  1267023926  1329744242
[42]  1405417624  1439050846  1523086410  1597294630  1614082820  1725003300
[48]  1765735942  1771737258  1787592944  1823699560  2033399112 -2038618449
[54] -1742177465 -1679317263 -1658567887 -1571987251 -1487488651 -1475883539
[60] -1225615177 -1134498085 -1114049345 -1056138735  -978628319  -860586649
[66]  -841171595  -838422031  -774044097  -578973159  -429461717  -383603365
[72]  -221965991   -44846411    35778419    38039857   102973975   104380975
[78]   418607381   439043025   439989937   653853957   676613437   681418491
[84]   733203613   741191299   853143597   855774387  1029605863  1098736297
[90]  1172081339  1208316951  1353034573  1461164827  1717451575  1879526513
[96]  1971387771  2002293915  2038400197  2110354651
