tp4q3
501
13748721
2018-10-25 13:49:37
 [0] -4998 -4994 -4988 -4986 -4984 -4974 -4974 -4968 -4964 -4962 -4962 -4954
[12] -4950 -4948 -4944 -4938 -4936 -4932 -4930 -4926 -4924 -4922 -4922 -4918
[24] -4912 -4904 -4904 -4898 -4898 -4892 -4876 -4856 -4848 -4842 -4842 -4834
[36] -4834 -4834 -4832 -4824 -4820 -4814 -4812 -4806 -4806 -4802 -4794 -4792
[48] -4788 -4782 -4778 -4774 -4774 -4772 -4768 -4766 -4764 -4754 -4750 -4744
[60] -4738 -4738 -4734 -4732 -4730 -4718 -4714 -4710 -4706 -4692 -4690 -4688
[72] -4684 -4684 -4682 -4680 -4672 -4668 -4666 -4662 -4660 -4660 -4658 -4656
[84] -4654 -4644 -4640 -4640 -4638 -4636 -4632 -4632 -4630 -4626 -4624 -4620
[96] -4614 -4612 -4612 -4610
 [0]  4652  4654  4654  4658  4658  4658  4660  4662  4664  4678  4692  4702
[12]  4708  4716  4718  4720  4722  4724  4726  4740  4744  4748  4752  4756
[24]  4764  4768  4770  4772  4780  4780  4782  4788  4792  4792  4792  4794
[36]  4794  4800  4802  4812  4814  4814  4820  4820  4830  4834  4838  4850
[48]  4854  4854  4860  4866  4874  4884  4888  4902  4908  4910  4912  4912
[60]  4914  4914  4916  4916  4918  4922  4924  4924  4930  4944  4948  4952
[72]  4958  4958  4958  4962  4964  4976  4978  4980  4990  4996  4996 -4999
[84] -4993 -4991 -4973 -4971 -4963 -4961 -4959 -4955 -4947 -4945 -4941 -4937
[96] -4933 -4931 -4923 -4923
 [0] 4607 4611 4619 4625 4637 4637 4645 4657 4659 4661 4663 4665 4667 4675 4681
[15] 4681 4687 4689 4689 4695 4699 4707 4709 4713 4713 4715 4721 4725 4725 4731
[30] 4735 4737 4739 4757 4763 4779 4779 4779 4781 4781 4785 4787 4789 4799 4811
[45] 4819 4821 4827 4829 4829 4831 4847 4849 4857 4863 4865 4867 4869 4869 4869
[60] 4873 4875 4875 4881 4887 4887 4889 4889 4893 4893 4897 4901 4907 4909 4909
[75] 4909 4911 4913 4923 4939 4941 4941 4943 4943 4949 4951 4959 4961 4961 4965
[90] 4969 4971 4971 4979 4983 4985 4987 4991 4995 4999
[0] 33 33 33 33 33 33 33 33 33 33
[0] 33 33 33 33 33 33 33 33 33 33
