tp4q1
501
13744627
2018-10-25 12:41:23
19: <<<<<<<<<<<<<<<<<<<>>>>>>>>>>>>>>>>>>>>>>
 6: <<<<<<>>>>>>>>>>>>>>>>>>>>>>>>>>>>>>>>>>>
40: <<<<<<<<<<<<<<<<<<<<<<<<<<<<<<<<<<<<<<<<>
11: <<<<<<<<<<<>>>>>>>>>>>>>>>>>>>>>>>>>>>>>>
 9: <<<<<<<<<>>>>>>>>>>>>>>>>>>>>>>>>>>>>>>>>
25: <<<<<<<<<<<<<<<<<<<<<<<<<>>>>>>>>>>>>>>>>
37: <<<<<<<<<<<<<<<<<<<<<<<<<<<<<<<<<<<<<>>>>
34: <<<<<<<<<<<<<<<<<<<<<<<<<<<<<<<<<<>>>>>>>
16: <<<<<<<<<<<<<<<<>>>>>>>>>>>>>>>>>>>>>>>>>
23: <<<<<<<<<<<<<<<<<<<<<<<>>>>>>>>>>>>>>>>>>
13: <<<<<<<<<<<<<>>>>>>>>>>>>>>>>>>>>>>>>>>>>
10: <<<<<<<<<<>>>>>>>>>>>>>>>>>>>>>>>>>>>>>>>
36: <<<<<<<<<<<<<<<<<<<<<<<<<<<<<<<<<<<<>>>>>
41: <<<<<<<<<<<<<<<<<<<<<<<<<<<<<<<<<<<<<<<<<
31: <<<<<<<<<<<<<<<<<<<<<<<<<<<<<<<>>>>>>>>>>
 3: <<<>>>>>>>>>>>>>>>>>>>>>>>>>>>>>>>>>>>>>>
 4: <<<<>>>>>>>>>>>>>>>>>>>>>>>>>>>>>>>>>>>>>
 1: >>>>>>>>>>>>>>>>>>>>>>>>>>>>>>>>>>>>>>>>>
22: <<<<<<<<<<<<<<<<<<<<<<>>>>>>>>>>>>>>>>>>>
24: <<<<<<<<<<<<<<<<<<<<<<<<>>>>>>>>>>>>>>>>>
35: <<<<<<<<<<<<<<<<<<<<<<<<<<<<<<<<<<<>>>>>>
14: <<<<<<<<<<<<<<>>>>>>>>>>>>>>>>>>>>>>>>>>>
 5: <<<<<>>>>>>>>>>>>>>>>>>>>>>>>>>>>>>>>>>>>
15: <<<<<<<<<<<<<<<>>>>>>>>>>>>>>>>>>>>>>>>>>
26: <<<<<<<<<<<<<<<<<<<<<<<<<<>>>>>>>>>>>>>>>
28: <<<<<<<<<<<<<<<<<<<<<<<<<<<<>>>>>>>>>>>>>
38: <<<<<<<<<<<<<<<<<<<<<<<<<<<<<<<<<<<<<<>>>
20: <<<<<<<<<<<<<<<<<<<<>>>>>>>>>>>>>>>>>>>>>
17: <<<<<<<<<<<<<<<<<>>>>>>>>>>>>>>>>>>>>>>>>
29: <<<<<<<<<<<<<<<<<<<<<<<<<<<<<>>>>>>>>>>>>
12: <<<<<<<<<<<<>>>>>>>>>>>>>>>>>>>>>>>>>>>>>
39: <<<<<<<<<<<<<<<<<<<<<<<<<<<<<<<<<<<<<<<>>
 1: <>>>>>>>>>>>>>>>>>>>>>>>>>>>>>>>>>>>>>>>>
18: <<<<<<<<<<<<<<<<<<>>>>>>>>>>>>>>>>>>>>>>>
 8: <<<<<<<<>>>>>>>>>>>>>>>>>>>>>>>>>>>>>>>>>
 7: <<<<<<<>>>>>>>>>>>>>>>>>>>>>>>>>>>>>>>>>>
27: <<<<<<<<<<<<<<<<<<<<<<<<<<<>>>>>>>>>>>>>>
32: <<<<<<<<<<<<<<<<<<<<<<<<<<<<<<<<>>>>>>>>>
 2: <<>>>>>>>>>>>>>>>>>>>>>>>>>>>>>>>>>>>>>>>
33: <<<<<<<<<<<<<<<<<<<<<<<<<<<<<<<<<>>>>>>>>
30: <<<<<<<<<<<<<<<<<<<<<<<<<<<<<<>>>>>>>>>>>
21: <<<<<<<<<<<<<<<<<<<<<>>>>>>>>>>>>>>>>>>>>
