tp3q5
501
13665167
2018-10-24 14:37:03
 [0] -99998 -99998 -99998 -99997 -99996 -99993 -99991 -99989 -99987 -99987
[10] -99985 -99983 -99980 -99980 -99978 -99978 -99977 -99977 -99976 -99974
[20] -99973 -99970 -99967 -99963 -99956 -99956 -99952 -99951 -99948 -99945
[30] -99942 -99940 -99938 -99938 -99938 -99936 -99933 -99931 -99931 -99931
[40] -99931 -99931 -99930 -99930 -99914 -99913 -99909 -99905 -99905 -99903
[50] -99897 -99895 -99893 -99893 -99892 -99887 -99887 -99887 -99885 -99883
[60] -99883 -99882 -99882 -99882 -99881 -99880 -99879 -99879 -99872 -99871
[70] -99871 -99868 -99867 -99864 -99857 -99853 -99852 -99851 -99850 -99849
[80] -99849 -99846 -99846 -99845 -99845 -99841 -99840 -99836 -99836 -99835
[90] -99835 -99835 -99834 -99830 -99829 -99829 -99827 -99825 -99824 -99824
 [0] 99807 99807 99809 99809 99811 99815 99817 99819 99821 99823 99823 99825
[12] 99826 99827 99828 99835 99836 99836 99839 99839 99840 99842 99848 99849
[24] 99852 99854 99854 99856 99857 99858 99858 99858 99859 99860 99863 99864
[36] 99866 99871 99871 99872 99875 99876 99876 99877 99879 99883 99887 99890
[48] 99890 99900 99900 99903 99904 99907 99908 99912 99912 99914 99915 99915
[60] 99917 99920 99921 99925 99925 99926 99929 99930 99931 99932 99933 99935
[72] 99935 99937 99938 99941 99944 99949 99950 99954 99954 99961 99963 99964
[84] 99964 99967 99967 99968 99969 99970 99971 99974 99981 99981 99981 99984
[96] 99988 99989 99993 99993
