tp3q6
501
13669084
2018-10-24 15:42:20
 [0] -99994 -99992 -99990 -99980 -99978 -99974 -99972 -99970 -99966 -99964
[10] -99958 -99950 -99950 -99948 -99938 -99934 -99932 -99926 -99920 -99894
[20] -99894 -99892 -99888 -99884 -99884 -99878 -99868 -99868 -99862 -99860
[30] -99860 -99856 -99852 -99852 -99846 -99842 -99830 -99830 -99820 -99812
[40] -99812 -99802 -99794 -99790 -99788 -99786 -99786 -99780 -99778 -99776
[50] -99772 -99770 -99768 -99768 -99760 -99758 -99758 -99758 -99754 -99754
[60] -99744 -99744 -99742 -99738 -99732 -99730 -99730 -99726 -99710 -99704
[70] -99704 -99700 -99696 -99688 -99682 -99678 -99676 -99676 -99672 -99668
[80] -99668 -99666 -99662 -99660 -99658 -99652 -99648 -99646 -99640 -99634
[90] -99628 -99624 -99618 -99616 -99610 -99608 -99602 -99600 -99588 -99584
 [0] 99569 99573 99575 99577 99577 99579 99589 99589 99597 99599 99603 99605
[12] 99605 99607 99609 99615 99617 99621 99621 99627 99639 99639 99645 99645
[24] 99647 99651 99651 99659 99659 99663 99663 99665 99675 99679 99683 99685
[36] 99693 99695 99719 99721 99731 99737 99739 99739 99743 99745 99747 99751
[48] 99753 99757 99761 99765 99767 99775 99787 99787 99799 99811 99813 99815
[60] 99817 99821 99845 99847 99855 99859 99865 99867 99875 99881 99883 99883
[72] 99885 99887 99889 99893 99893 99905 99905 99907 99915 99917 99919 99923
[84] 99925 99929 99933 99941 99945 99945 99951 99953 99959 99967 99967 99977
[96] 99979 99981 99987 99991
