tp3q4
501
13665154
2018-10-24 14:36:50
                               99
               89                              88
       48              -1              76              70
   28      26     -64      -5      63      -5      30      -6
  0 -52 -14 -18 -99 -65 -94 -95  16  24 -84 -33 -23   7 -14
pop_heap() == 99
pop_heap() == 89
pop_heap() == 88
                               76
               48                              70
       28              -1              63              30
    0      26     -64      -5      24      -5     -23      -6
-14 -52 -14 -18 -99 -65 -94 -95  16   7 -84 -33
pop_heap() == 76
pop_heap() == 70
pop_heap() == 63
                               48
               28                              30
       26              -1              24              -6
    0       7     -64      -5      16      -5     -23     -84
-14 -52 -14 -18 -99 -65 -94 -95 -33
pop_heap() == 48
pop_heap() == 30
pop_heap() == 28
                               26
                7                              24
        0              -1              16              -6
  -14     -14     -64      -5     -33      -5     -23     -84
-94 -52 -95 -18 -99 -65
pop_heap() == 26
pop_heap() == 24
pop_heap() == 16
                                7
                0                              -5
      -14              -1             -33              -6
  -18     -14     -64      -5     -99     -65     -23     -84
-94 -52 -95
pop_heap() == 7
pop_heap() == 0
pop_heap() == -1
               -5
      -14              -5
  -14     -52     -33      -6
-18 -94 -64 -95 -99 -65 -23 -84
pop_heap() == -5
pop_heap() == -5
pop_heap() == -6
              -14
      -14             -23
  -18     -52     -33     -84
-65 -94 -64 -95 -99
pop_heap() == -14
pop_heap() == -14
pop_heap() == -18
              -23
      -52             -33
  -65     -64     -95     -84
-99 -94
pop_heap() == -23
pop_heap() == -33
pop_heap() == -52
      -64
  -65     -84
-94 -99 -95
pop_heap() == -64
pop_heap() == -65
pop_heap() == -84
  -94
-95 -99
pop_heap() == -94
pop_heap() == -95
pop_heap() == -99
