tp3q1
501
13657096
2018-10-24 12:22:32
 [0]  2132686812  2067643546  2123315743  1547618009  1990498577  1695210838
 [6]  1633677743  1311979055  1152721407   939215478  1014386000  1661614203
[12]  1673131289  1223898263  1099995915  1178100668   997995613   880275995
[18]   904624909   591309101   519703578   742598640   711845089   972231227
[24]  1338509438     2104096  1168621766   774133081   536306756  1085836368
[30]   645625984   461621282  -586581214   621537713  -138128117  -424104929
[36]   726724917   601368553  -553951223   575247582   243724505   353703082
[42]   341381522   205672401    42637063   478631808   527775792   536861892
[48]   512234681   711459466 -1446924666 -1731160041 -1789680332  -756499580
[54]  -294688085 -1173737029 -1485673635    22243883   149992244 -1578683324
[60]  -644535286  -530764664 -1202329631  -602768197  -650765898  -959244437
[66] -1079585947  -593234434 -1989106656 -1386755254 -1585454191 -1071173482
[72] -1357961135  -310521500  -431077422 -2074189376 -1138604099 -1749199247
[78] -1629382139  -673994999 -1713151345  -418145886 -1434594623 -1355089732
[84]  -111792102  -222557079 -1836076371  -741301667  -992688804 -2089643401
[90]  -155157206  -916258295  -533197116   -29159422 -1215421472   221767670
[96] -1253916813 -1359639686 -1003932090  -182510024
 [0]  2132686812  2067643546  2123315743  1547618009  1990498577  1695210838
 [6]  1633677743  1311979055  1152721407   939215478  1014386000  1661614203
[12]  1673131289  1223898263  1099995915  1178100668   997995613   880275995
[18]   904624909   591309101   519703578   742598640   711845089   972231227
[24]  1338509438     2104096  1168621766   774133081   536306756  1085836368
[30]   645625984   461621282  -586581214   621537713  -138128117  -424104929
[36]   726724917   601368553  -553951223   575247582   243724505   353703082
[42]   341381522   205672401    42637063   478631808   527775792   536861892
[48]   512234681   711459466 -1446924666 -1731160041 -1789680332  -756499580
[54]  -294688085 -1173737029 -1485673635    22243883   149992244 -1578683324
[60]  -644535286  -530764664 -1202329631  -602768197  -650765898  -959244437
[66] -1079585947  -593234434 -1989106656 -1386755254 -1585454191 -1071173482
[72] -1357961135  -310521500  -431077422 -2074189376 -1138604099 -1749199247
[78] -1629382139  -673994999 -1713151345  -418145886 -1434594623 -1355089732
[84]  -111792102  -222557079 -1836076371  -741301667  -992688804 -2089643401
[90]  -155157206  -916258295  -533197116   -29159422 -1215421472   221767670
[96] -1253916813 -1359639686 -1003932090  -182510024
