tp5q3
501
13839164
2018-10-26 14:57:00
after heap_sort, head:
 [0]   2  12  16  18  22  36  44  48  50  54  68  70  72  76  80  92  96 100 104
[19] 108 114 126 132 136 140 144 148 158 164 170 172 176 178 184 188 190 194 198
[38] 200 206 210 214 222 232 236 238 246 252 254 256 260 264 268 270 274 278 288
[57] 308 312 314
after heap_sort, tail:
 [0] 5243981 5243999 5244003 5244011 5244017 5244025 5244029 5244035 5244049
 [9] 5244069 5244071 5244077 5244081 5244085 5244087 5244089 5244093 5244101
[18] 5244105 5244107 5244111 5244115 5244119 5244123 5244127 5244131 5244139
[27] 5244153 5244155 5244157 5244161 5244165 5244169 5244171 5244173 5244177
[36] 5244191 5244195 5244205 5244207 5244211 5244223 5244231 5244235 5244239
[45] 5244243 5244245 5244247 5244249 5244261 5244263 5244267 5244271 5244275
[54] 5244279 5244283 5244285 5244303 5244307 5244313
after intro_sort, head:
 [0]   2  12  16  18  22  36  44  48  50  54  68  70  72  76  80  92  96 100 104
[19] 108 114 126 132 136 140 144 148 158 164 170 172 176 178 184 188 190 194 198
[38] 200 206 210 214 222 232 236 238 246 252 254 256 260 264 268 270 274 278 288
[57] 308 312 314
after intro_sort, mid:
 [0] 5233134 5233144 5233146 5233154 5233156 5233160 5233168 5233174 5233178
 [9] 5233182 5233184 5233186 5233196 5233200 5233202 5233206 5233214 5233222
[18] 5233224 5233230 5233234 5233236 5233238 5233242 5233250 5233254 5233262
[27] 5233266 5233270 5233274 5233278 5233282 5233286 5233290 5233304 5233316
[36] 5233320 5233324 5233332 5233340 5233346 5233348 5233354 5233358 5233362
[45] 5233372 5233374 5233382 5233392 5233396 5233398 5233406 5233410 5233412
[54] 5233418 5233422 5233424 5233428 5233432 5233436
after intro_sort, tail:
 [0] 5243981 5243999 5244003 5244011 5244017 5244025 5244029 5244035 5244049
 [9] 5244069 5244071 5244077 5244081 5244085 5244087 5244089 5244093 5244101
[18] 5244105 5244107 5244111 5244115 5244119 5244123 5244127 5244131 5244139
[27] 5244153 5244155 5244157 5244161 5244165 5244169 5244171 5244173 5244177
[36] 5244191 5244195 5244205 5244207 5244211 5244223 5244231 5244235 5244239
[45] 5244243 5244245 5244247 5244249 5244261 5244263 5244267 5244271 5244275
[54] 5244279 5244283 5244285 5244303 5244307 5244313
